Watching for file changes with StatReloader
/home/hunter/Dev/Python/community_church/community_church/prayer_requests/views.py changed, reloading.
Watching for file changes with StatReloader
/home/hunter/Dev/Python/community_church/community_church/prayer_requests/views.py changed, reloading.
Watching for file changes with StatReloader
Request GET parameters: <QueryDict: {}>
Prayer types filter: []
Sort by: -created_at, Sort field: -created_at
Unexpected error in home view: Unclosed tag on line 8: 'block'. Looking for one of: endblock.
Traceback (most recent call last):
  File "/home/hunter/Dev/Python/community_church/community_church/prayer_requests/views.py", line 100, in home
    return render(request, 'prayer_requests/home.html', context)
  File "/home/hunter/Dev/Python/community_church/.venv/lib/python3.10/site-packages/django/shortcuts.py", line 25, in render
    content = loader.render_to_string(template_name, context, request, using=using)
  File "/home/hunter/Dev/Python/community_church/.venv/lib/python3.10/site-packages/django/template/loader.py", line 61, in render_to_string
    template = get_template(template_name, using=using)
  File "/home/hunter/Dev/Python/community_church/.venv/lib/python3.10/site-packages/django/template/loader.py", line 15, in get_template
    return engine.get_template(template_name)
  File "/home/hunter/Dev/Python/community_church/.venv/lib/python3.10/site-packages/django/template/backends/django.py", line 79, in get_template
    return Template(self.engine.get_template(template_name), self)
  File "/home/hunter/Dev/Python/community_church/.venv/lib/python3.10/site-packages/django/template/engine.py", line 177, in get_template
    template, origin = self.find_template(template_name)
  File "/home/hunter/Dev/Python/community_church/.venv/lib/python3.10/site-packages/django/template/engine.py", line 159, in find_template
    template = loader.get_template(name, skip=skip)
  File "/home/hunter/Dev/Python/community_church/.venv/lib/python3.10/site-packages/django/template/loaders/cached.py", line 57, in get_template
    template = super().get_template(template_name, skip)
  File "/home/hunter/Dev/Python/community_church/.venv/lib/python3.10/site-packages/django/template/loaders/base.py", line 28, in get_template
    return Template(
  File "/home/hunter/Dev/Python/community_church/.venv/lib/python3.10/site-packages/django/template/base.py", line 154, in __init__
    self.nodelist = self.compile_nodelist()
  File "/home/hunter/Dev/Python/community_church/.venv/lib/python3.10/site-packages/django/template/base.py", line 196, in compile_nodelist
    nodelist = parser.parse()
  File "/home/hunter/Dev/Python/community_church/.venv/lib/python3.10/site-packages/django/template/base.py", line 518, in parse
    raise self.error(token, e)
  File "/home/hunter/Dev/Python/community_church/.venv/lib/python3.10/site-packages/django/template/base.py", line 516, in parse
    compiled_result = compile_func(self, token)
  File "/home/hunter/Dev/Python/community_church/.venv/lib/python3.10/site-packages/django/template/loader_tags.py", line 295, in do_extends
    nodelist = parser.parse()
  File "/home/hunter/Dev/Python/community_church/.venv/lib/python3.10/site-packages/django/template/base.py", line 518, in parse
    raise self.error(token, e)
  File "/home/hunter/Dev/Python/community_church/.venv/lib/python3.10/site-packages/django/template/base.py", line 516, in parse
    compiled_result = compile_func(self, token)
  File "/home/hunter/Dev/Python/community_church/.venv/lib/python3.10/site-packages/django/template/loader_tags.py", line 234, in do_block
    nodelist = parser.parse(("endblock",))
  File "/home/hunter/Dev/Python/community_church/.venv/lib/python3.10/site-packages/django/template/base.py", line 523, in parse
    self.unclosed_block_tag(parse_until)
  File "/home/hunter/Dev/Python/community_church/.venv/lib/python3.10/site-packages/django/template/base.py", line 586, in unclosed_block_tag
    raise self.error(token, msg)
django.template.exceptions.TemplateSyntaxError: Unclosed tag on line 8: 'block'. Looking for one of: endblock.

Internal Server Error: /
Traceback (most recent call last):
  File "/home/hunter/Dev/Python/community_church/.venv/lib/python3.10/site-packages/django/core/handlers/exception.py", line 55, in inner
    response = get_response(request)
  File "/home/hunter/Dev/Python/community_church/.venv/lib/python3.10/site-packages/django/core/handlers/base.py", line 197, in _get_response
    response = wrapped_callback(request, *callback_args, **callback_kwargs)
  File "/home/hunter/Dev/Python/community_church/.venv/lib/python3.10/site-packages/django/contrib/auth/decorators.py", line 60, in _view_wrapper
    return view_func(request, *args, **kwargs)
  File "/home/hunter/Dev/Python/community_church/community_church/prayer_requests/views.py", line 100, in home
    return render(request, 'prayer_requests/home.html', context)
  File "/home/hunter/Dev/Python/community_church/.venv/lib/python3.10/site-packages/django/shortcuts.py", line 25, in render
    content = loader.render_to_string(template_name, context, request, using=using)
  File "/home/hunter/Dev/Python/community_church/.venv/lib/python3.10/site-packages/django/template/loader.py", line 61, in render_to_string
    template = get_template(template_name, using=using)
  File "/home/hunter/Dev/Python/community_church/.venv/lib/python3.10/site-packages/django/template/loader.py", line 15, in get_template
    return engine.get_template(template_name)
  File "/home/hunter/Dev/Python/community_church/.venv/lib/python3.10/site-packages/django/template/backends/django.py", line 79, in get_template
    return Template(self.engine.get_template(template_name), self)
  File "/home/hunter/Dev/Python/community_church/.venv/lib/python3.10/site-packages/django/template/engine.py", line 177, in get_template
    template, origin = self.find_template(template_name)
  File "/home/hunter/Dev/Python/community_church/.venv/lib/python3.10/site-packages/django/template/engine.py", line 159, in find_template
    template = loader.get_template(name, skip=skip)
  File "/home/hunter/Dev/Python/community_church/.venv/lib/python3.10/site-packages/django/template/loaders/cached.py", line 57, in get_template
    template = super().get_template(template_name, skip)
  File "/home/hunter/Dev/Python/community_church/.venv/lib/python3.10/site-packages/django/template/loaders/base.py", line 28, in get_template
    return Template(
  File "/home/hunter/Dev/Python/community_church/.venv/lib/python3.10/site-packages/django/template/base.py", line 154, in __init__
    self.nodelist = self.compile_nodelist()
  File "/home/hunter/Dev/Python/community_church/.venv/lib/python3.10/site-packages/django/template/base.py", line 196, in compile_nodelist
    nodelist = parser.parse()
  File "/home/hunter/Dev/Python/community_church/.venv/lib/python3.10/site-packages/django/template/base.py", line 518, in parse
    raise self.error(token, e)
  File "/home/hunter/Dev/Python/community_church/.venv/lib/python3.10/site-packages/django/template/base.py", line 516, in parse
    compiled_result = compile_func(self, token)
  File "/home/hunter/Dev/Python/community_church/.venv/lib/python3.10/site-packages/django/template/loader_tags.py", line 295, in do_extends
    nodelist = parser.parse()
  File "/home/hunter/Dev/Python/community_church/.venv/lib/python3.10/site-packages/django/template/base.py", line 518, in parse
    raise self.error(token, e)
  File "/home/hunter/Dev/Python/community_church/.venv/lib/python3.10/site-packages/django/template/base.py", line 516, in parse
    compiled_result = compile_func(self, token)
  File "/home/hunter/Dev/Python/community_church/.venv/lib/python3.10/site-packages/django/template/loader_tags.py", line 234, in do_block
    nodelist = parser.parse(("endblock",))
  File "/home/hunter/Dev/Python/community_church/.venv/lib/python3.10/site-packages/django/template/base.py", line 523, in parse
    self.unclosed_block_tag(parse_until)
  File "/home/hunter/Dev/Python/community_church/.venv/lib/python3.10/site-packages/django/template/base.py", line 586, in unclosed_block_tag
    raise self.error(token, msg)
django.template.exceptions.TemplateSyntaxError: Unclosed tag on line 8: 'block'. Looking for one of: endblock.
"GET / HTTP/1.1" 500 190378
Request GET parameters: <QueryDict: {}>
Prayer types filter: []
Sort by: -created_at, Sort field: -created_at
"GET / HTTP/1.1" 200 16082
Request GET parameters: <QueryDict: {'search': [''], 'start_date': ['2024-11-12'], 'end_date': ['2024-11-13'], 'prayer_types': ['UNSPOKEN'], 'sort_by': ['recent']}>
Prayer types filter: ['UNSPOKEN']
Sort by: recent, Sort field: -created_at
"GET /?search=&start_date=2024-11-12&end_date=2024-11-13&prayer_types=UNSPOKEN&sort_by=recent HTTP/1.1" 200 14002
Request GET parameters: <QueryDict: {'search': [''], 'start_date': ['2024-11-12'], 'end_date': ['2024-11-13'], 'sort_by': ['recent']}>
Prayer types filter: []
Sort by: recent, Sort field: -created_at
"GET /?search=&start_date=2024-11-12&end_date=2024-11-13&sort_by=recent HTTP/1.1" 200 13994
Request GET parameters: <QueryDict: {'search': [''], 'start_date': ['2024-10-01'], 'end_date': ['2024-11-13'], 'sort_by': ['recent']}>
Prayer types filter: []
Sort by: recent, Sort field: -created_at
"GET /?search=&start_date=2024-10-01&end_date=2024-11-13&sort_by=recent HTTP/1.1" 200 13994
Request GET parameters: <QueryDict: {'search': [''], 'start_date': ['2024-08-01'], 'end_date': ['2024-09-01'], 'sort_by': ['recent']}>
Prayer types filter: []
Sort by: recent, Sort field: -created_at
"GET /?search=&start_date=2024-08-01&end_date=2024-09-01&sort_by=recent HTTP/1.1" 200 12927
Request GET parameters: <QueryDict: {'search': [''], 'start_date': ['2024-08-01'], 'end_date': ['2024-09-30'], 'sort_by': ['recent']}>
Prayer types filter: []
Sort by: recent, Sort field: -created_at
"GET /?search=&start_date=2024-08-01&end_date=2024-09-30&sort_by=recent HTTP/1.1" 200 14907
Request GET parameters: <QueryDict: {}>
Prayer types filter: []
Sort by: -created_at, Sort field: -created_at
"GET / HTTP/1.1" 200 16082
"GET /request/18/ HTTP/1.1" 200 9883
"POST /request/18/ HTTP/1.1" 302 0
"GET /request/18/ HTTP/1.1" 200 13876
"POST /comment/3/delete/ HTTP/1.1" 302 0
"GET /request/18/ HTTP/1.1" 200 9883
Request GET parameters: <QueryDict: {}>
Prayer types filter: []
Sort by: -created_at, Sort field: -created_at
"GET / HTTP/1.1" 200 16082
Request GET parameters: <QueryDict: {}>
Prayer types filter: []
Sort by: -created_at, Sort field: -created_at
"GET / HTTP/1.1" 200 20852
"GET /static/css/custom.css HTTP/1.1" 200 1618
"GET /request/18/ HTTP/1.1" 200 9622
"GET /static/css/custom.css HTTP/1.1" 304 0
Request GET parameters: <QueryDict: {}>
Prayer types filter: []
Sort by: -created_at, Sort field: -created_at
"GET / HTTP/1.1" 200 20852
Request GET parameters: <QueryDict: {}>
Prayer types filter: []
Sort by: -created_at, Sort field: -created_at
"GET / HTTP/1.1" 200 20852
Request GET parameters: <QueryDict: {'search': [''], 'start_date': [''], 'end_date': [''], 'sort_by': ['most_commented']}>
Prayer types filter: []
Sort by: most_commented, Sort field: -comments_count
"GET /?search=&start_date=&end_date=&sort_by=most_commented HTTP/1.1" 200 20860
"GET /static/css/custom.css HTTP/1.1" 304 0
"GET /request/17/ HTTP/1.1" 200 13597
Request GET parameters: <QueryDict: {}>
Prayer types filter: []
Sort by: -created_at, Sort field: -created_at
"GET / HTTP/1.1" 200 20852
Watching for file changes with StatReloader
Request GET parameters: <QueryDict: {}>
Prayer types filter: []
Sort by: -created_at, Sort field: -created_at
"GET / HTTP/1.1" 200 20608
"GET /static/css/custom.css HTTP/1.1" 200 4218
"GET /request/18/ HTTP/1.1" 200 9378
"GET /static/css/custom.css HTTP/1.1" 304 0
Request GET parameters: <QueryDict: {}>
Prayer types filter: []
Sort by: -created_at, Sort field: -created_at
"GET / HTTP/1.1" 200 20608
Request GET parameters: <QueryDict: {}>
Prayer types filter: []
Sort by: -created_at, Sort field: -created_at
"GET / HTTP/1.1" 200 20608
"GET /static/css/custom.css HTTP/1.1" 200 5301
Request GET parameters: <QueryDict: {}>
Prayer types filter: []
Sort by: -created_at, Sort field: -created_at
"GET / HTTP/1.1" 200 20608
"GET /static/css/custom.css HTTP/1.1" 304 0
Request GET parameters: <QueryDict: {}>
Prayer types filter: []
Sort by: -created_at, Sort field: -created_at
"GET / HTTP/1.1" 200 20608
"GET /static/css/custom.css HTTP/1.1" 304 0
"GET /prayer-request-types/ HTTP/1.1" 200 13253
"GET /create/ HTTP/1.1" 200 8852
"GET /static/css/custom.css HTTP/1.1" 304 0
"GET /answered/ HTTP/1.1" 200 12276
"GET /static/css/custom.css HTTP/1.1" 304 0
"GET /report/ HTTP/1.1" 200 24789
"GET /about/ HTTP/1.1" 200 7552
"GET /static/css/custom.css HTTP/1.1" 304 0
"GET /report/ HTTP/1.1" 200 24789
"GET /static/css/custom.css HTTP/1.1" 304 0
"GET /report/ HTTP/1.1" 200 24914
"GET /static/css/custom.css HTTP/1.1" 304 0
"GET /report/?date_range=30 HTTP/1.1" 200 24914
"GET /report/?date_range=90 HTTP/1.1" 200 26763
Request GET parameters: <QueryDict: {}>
Prayer types filter: []
Sort by: -created_at, Sort field: -created_at
"GET / HTTP/1.1" 200 20733
"GET /static/css/custom.css HTTP/1.1" 304 0
Request GET parameters: <QueryDict: {}>
Prayer types filter: []
Sort by: -created_at, Sort field: -created_at
"GET / HTTP/1.1" 200 20733
"GET /static/css/custom.css HTTP/1.1" 200 5297
Request GET parameters: <QueryDict: {}>
Prayer types filter: []
Sort by: -created_at, Sort field: -created_at
"GET / HTTP/1.1" 200 20678
"GET /static/css/custom.css HTTP/1.1" 200 7985
Request GET parameters: <QueryDict: {}>
Prayer types filter: []
Sort by: -created_at, Sort field: -created_at
"GET / HTTP/1.1" 200 20678
"GET /static/css/custom.css HTTP/1.1" 304 0
Request GET parameters: <QueryDict: {}>
Prayer types filter: []
Sort by: -created_at, Sort field: -created_at
"GET / HTTP/1.1" 200 20678
"GET /static/css/custom.css HTTP/1.1" 304 0
Request GET parameters: <QueryDict: {}>
Prayer types filter: []
Sort by: -created_at, Sort field: -created_at
"GET / HTTP/1.1" 200 20678
"GET /static/css/custom.css HTTP/1.1" 304 0
"GET /create/ HTTP/1.1" 200 8922
"GET /static/css/custom.css HTTP/1.1" 304 0
Request GET parameters: <QueryDict: {}>
Prayer types filter: []
Sort by: -created_at, Sort field: -created_at
"GET / HTTP/1.1" 200 20678
"GET /static/css/custom.css HTTP/1.1" 304 0
"GET /about/ HTTP/1.1" 200 7622
"GET /static/css/custom.css HTTP/1.1" 304 0
Request GET parameters: <QueryDict: {}>
Prayer types filter: []
Sort by: -created_at, Sort field: -created_at
"GET / HTTP/1.1" 200 20678
Watching for file changes with StatReloader
Request GET parameters: <QueryDict: {}>
Prayer types filter: []
Sort by: -created_at, Sort field: -created_at
"GET / HTTP/1.1" 200 20647
"GET /static/css/custom.css HTTP/1.1" 200 8309
Request GET parameters: <QueryDict: {}>
Prayer types filter: []
Sort by: -created_at, Sort field: -created_at
"GET / HTTP/1.1" 200 20647
"GET /static/css/custom.css HTTP/1.1" 304 0
Request GET parameters: <QueryDict: {}>
Prayer types filter: []
Sort by: -created_at, Sort field: -created_at
"GET / HTTP/1.1" 200 20647
"GET /static/css/custom.css HTTP/1.1" 304 0
Request GET parameters: <QueryDict: {}>
Prayer types filter: []
Sort by: -created_at, Sort field: -created_at
"GET / HTTP/1.1" 200 20647
Request GET parameters: <QueryDict: {}>
Prayer types filter: []
Sort by: -created_at, Sort field: -created_at
"GET / HTTP/1.1" 200 20647
"GET /static/css/custom.css HTTP/1.1" 304 0
"GET / HTTP/1.1" 302 0
"GET /login/?next=/ HTTP/1.1" 200 7707
"GET /static/css/custom.css HTTP/1.1" 200 8309
"POST /login/?next=/ HTTP/1.1" 302 0
Request GET parameters: <QueryDict: {}>
Prayer types filter: []
Sort by: -created_at, Sort field: -created_at
"GET / HTTP/1.1" 200 20647
Request GET parameters: <QueryDict: {}>
Prayer types filter: []
Sort by: -created_at, Sort field: -created_at
"GET / HTTP/1.1" 200 20009
"GET /static/css/custom.css HTTP/1.1" 200 7860
"GET /admin/ HTTP/1.1" 200 10645
"GET /static/admin/css/base.css HTTP/1.1" 200 22092
"GET /static/admin/css/dark_mode.css HTTP/1.1" 200 2804
"GET /static/admin/css/dashboard.css HTTP/1.1" 200 441
"GET /static/admin/css/nav_sidebar.css HTTP/1.1" 200 2810
"GET /static/admin/js/theme.js HTTP/1.1" 200 1653
"GET /static/admin/css/responsive.css HTTP/1.1" 200 17972
"GET /static/admin/js/nav_sidebar.js HTTP/1.1" 200 3063
"GET /static/admin/img/icon-addlink.svg HTTP/1.1" 200 331
"GET /static/admin/img/icon-changelink.svg HTTP/1.1" 200 380
Request GET parameters: <QueryDict: {}>
Prayer types filter: []
Sort by: -created_at, Sort field: -created_at
"GET / HTTP/1.1" 200 20018
"GET /static/css/custom.css HTTP/1.1" 304 0
Request GET parameters: <QueryDict: {}>
Prayer types filter: []
Sort by: -created_at, Sort field: -created_at
"GET / HTTP/1.1" 200 20008
"GET /static/css/custom.css HTTP/1.1" 304 0
Request GET parameters: <QueryDict: {}>
Prayer types filter: []
Sort by: -created_at, Sort field: -created_at
"GET / HTTP/1.1" 200 20019
"GET /static/css/custom.css HTTP/1.1" 200 8096
"GET /profile/ HTTP/1.1" 200 19420
"GET /static/css/custom.css HTTP/1.1" 304 0
"GET /prayer-request-types/ HTTP/1.1" 200 12664
"GET /static/css/custom.css HTTP/1.1" 304 0
"GET /create/ HTTP/1.1" 200 8263
"GET /answered/ HTTP/1.1" 200 11687
"GET /report/ HTTP/1.1" 200 24200
"GET /static/css/custom.css HTTP/1.1" 304 0
"GET /report/ HTTP/1.1" 200 24200
"GET /static/css/custom.css HTTP/1.1" 200 8730
"GET /create/ HTTP/1.1" 200 8263
"GET /static/css/custom.css HTTP/1.1" 304 0
Request GET parameters: <QueryDict: {}>
Prayer types filter: []
Sort by: -created_at, Sort field: -created_at
"GET / HTTP/1.1" 200 20019
"GET /static/css/custom.css HTTP/1.1" 304 0
Request GET parameters: <QueryDict: {}>
Prayer types filter: []
Sort by: -created_at, Sort field: -created_at
"GET / HTTP/1.1" 200 20019
"GET /static/css/custom.css HTTP/1.1" 200 8788
Request GET parameters: <QueryDict: {}>
Prayer types filter: []
Sort by: -created_at, Sort field: -created_at
"GET / HTTP/1.1" 200 20019
"GET /static/css/custom.css HTTP/1.1" 200 8992
"GET /prayer-request-types/ HTTP/1.1" 200 12664
"GET /static/css/custom.css HTTP/1.1" 304 0
"GET /create/ HTTP/1.1" 200 8263
"GET /static/css/custom.css HTTP/1.1" 304 0
"GET /answered/ HTTP/1.1" 200 11687
"GET /static/css/custom.css HTTP/1.1" 304 0
"GET /request/16/ HTTP/1.1" 200 8771
"GET /static/css/custom.css HTTP/1.1" 304 0
Request GET parameters: <QueryDict: {}>
Prayer types filter: []
Sort by: -created_at, Sort field: -created_at
"GET / HTTP/1.1" 200 20019
"GET /static/css/custom.css HTTP/1.1" 304 0
"GET /report/ HTTP/1.1" 200 24200
"GET /report/ HTTP/1.1" 200 24200
"GET /static/css/custom.css HTTP/1.1" 200 8999
"GET /create/ HTTP/1.1" 200 8263
"GET /static/css/custom.css HTTP/1.1" 304 0
"GET /answered/ HTTP/1.1" 200 11687
"GET /static/css/custom.css HTTP/1.1" 304 0
"GET /report/ HTTP/1.1" 200 24200
Request GET parameters: <QueryDict: {}>
Prayer types filter: []
Sort by: -created_at, Sort field: -created_at
"GET / HTTP/1.1" 200 20019
"GET /static/css/custom.css HTTP/1.1" 304 0
"GET /about/ HTTP/1.1" 200 6963
"GET /static/css/custom.css HTTP/1.1" 304 0
Internal Server Error: /about/
Traceback (most recent call last):
  File "/home/hunter/Dev/Python/community_church/.venv/lib/python3.10/site-packages/django/core/handlers/exception.py", line 55, in inner
    response = get_response(request)
  File "/home/hunter/Dev/Python/community_church/.venv/lib/python3.10/site-packages/django/core/handlers/base.py", line 197, in _get_response
    response = wrapped_callback(request, *callback_args, **callback_kwargs)
  File "/home/hunter/Dev/Python/community_church/community_church/prayer_requests/views.py", line 245, in about
    return render(request, 'prayer_requests/about.html')
  File "/home/hunter/Dev/Python/community_church/.venv/lib/python3.10/site-packages/django/shortcuts.py", line 25, in render
    content = loader.render_to_string(template_name, context, request, using=using)
  File "/home/hunter/Dev/Python/community_church/.venv/lib/python3.10/site-packages/django/template/loader.py", line 62, in render_to_string
    return template.render(context, request)
  File "/home/hunter/Dev/Python/community_church/.venv/lib/python3.10/site-packages/django/template/backends/django.py", line 107, in render
    return self.template.render(context)
  File "/home/hunter/Dev/Python/community_church/.venv/lib/python3.10/site-packages/django/template/base.py", line 171, in render
    return self._render(context)
  File "/home/hunter/Dev/Python/community_church/.venv/lib/python3.10/site-packages/django/template/base.py", line 163, in _render
    return self.nodelist.render(context)
  File "/home/hunter/Dev/Python/community_church/.venv/lib/python3.10/site-packages/django/template/base.py", line 1008, in render
    return SafeString("".join([node.render_annotated(context) for node in self]))
  File "/home/hunter/Dev/Python/community_church/.venv/lib/python3.10/site-packages/django/template/base.py", line 1008, in <listcomp>
    return SafeString("".join([node.render_annotated(context) for node in self]))
  File "/home/hunter/Dev/Python/community_church/.venv/lib/python3.10/site-packages/django/template/base.py", line 969, in render_annotated
    return self.render(context)
  File "/home/hunter/Dev/Python/community_church/.venv/lib/python3.10/site-packages/django/template/loader_tags.py", line 159, in render
    return compiled_parent._render(context)
  File "/home/hunter/Dev/Python/community_church/.venv/lib/python3.10/site-packages/django/template/base.py", line 163, in _render
    return self.nodelist.render(context)
  File "/home/hunter/Dev/Python/community_church/.venv/lib/python3.10/site-packages/django/template/base.py", line 1008, in render
    return SafeString("".join([node.render_annotated(context) for node in self]))
  File "/home/hunter/Dev/Python/community_church/.venv/lib/python3.10/site-packages/django/template/base.py", line 1008, in <listcomp>
    return SafeString("".join([node.render_annotated(context) for node in self]))
  File "/home/hunter/Dev/Python/community_church/.venv/lib/python3.10/site-packages/django/template/base.py", line 969, in render_annotated
    return self.render(context)
  File "/home/hunter/Dev/Python/community_church/.venv/lib/python3.10/site-packages/django/template/loader_tags.py", line 65, in render
    result = block.nodelist.render(context)
  File "/home/hunter/Dev/Python/community_church/.venv/lib/python3.10/site-packages/django/template/base.py", line 1008, in render
    return SafeString("".join([node.render_annotated(context) for node in self]))
  File "/home/hunter/Dev/Python/community_church/.venv/lib/python3.10/site-packages/django/template/base.py", line 1008, in <listcomp>
    return SafeString("".join([node.render_annotated(context) for node in self]))
  File "/home/hunter/Dev/Python/community_church/.venv/lib/python3.10/site-packages/django/template/base.py", line 969, in render_annotated
    return self.render(context)
  File "/home/hunter/Dev/Python/community_church/.venv/lib/python3.10/site-packages/django/template/defaulttags.py", line 480, in render
    url = reverse(view_name, args=args, kwargs=kwargs, current_app=current_app)
  File "/home/hunter/Dev/Python/community_church/.venv/lib/python3.10/site-packages/django/urls/base.py", line 88, in reverse
    return resolver._reverse_with_prefix(view, prefix, *args, **kwargs)
  File "/home/hunter/Dev/Python/community_church/.venv/lib/python3.10/site-packages/django/urls/resolvers.py", line 831, in _reverse_with_prefix
    raise NoReverseMatch(msg)
django.urls.exceptions.NoReverseMatch: Reverse for 'prayer_list' not found. 'prayer_list' is not a valid view function or pattern name.
"GET /about/ HTTP/1.1" 500 166880
"GET /about/ HTTP/1.1" 200 12144
"GET /static/css/custom.css HTTP/1.1" 304 0
"GET /create/ HTTP/1.1" 200 8263
"GET /create/ HTTP/1.1" 200 8263
Request GET parameters: <QueryDict: {}>
Prayer types filter: []
Sort by: -created_at, Sort field: -created_at
"GET / HTTP/1.1" 200 20019
Request GET parameters: <QueryDict: {}>
Prayer types filter: []
Sort by: -created_at, Sort field: -created_at
"GET / HTTP/1.1" 200 20019
"GET /static/css/custom.css HTTP/1.1" 304 0
"GET /about/ HTTP/1.1" 200 12137
"GET /static/css/custom.css HTTP/1.1" 304 0
Request GET parameters: <QueryDict: {}>
Prayer types filter: []
Sort by: -created_at, Sort field: -created_at
"GET / HTTP/1.1" 200 20019
"GET /about/ HTTP/1.1" 200 12137
"GET /about/ HTTP/1.1" 200 11257
"GET /static/css/custom.css HTTP/1.1" 200 9964
"GET /about/ HTTP/1.1" 200 12294
"GET /static/css/custom.css HTTP/1.1" 200 10094
"GET /answered/ HTTP/1.1" 200 12724
"GET /static/css/custom.css HTTP/1.1" 304 0
"GET /report/ HTTP/1.1" 200 25237
"GET /static/css/custom.css HTTP/1.1" 304 0
Request GET parameters: <QueryDict: {}>
Prayer types filter: []
Sort by: -created_at, Sort field: -created_at
"GET / HTTP/1.1" 200 21056
"GET /static/css/custom.css HTTP/1.1" 304 0
"GET /answered/ HTTP/1.1" 200 12724
"GET /static/css/custom.css HTTP/1.1" 304 0
"GET /report/ HTTP/1.1" 200 25237
"GET /about/ HTTP/1.1" 200 12294
"GET /prayer-request-types/ HTTP/1.1" 200 13701
"GET /static/css/custom.css HTTP/1.1" 304 0
"GET /prayer-request-types/ HTTP/1.1" 200 14213
"GET /static/css/custom.css HTTP/1.1" 304 0
Request GET parameters: <QueryDict: {}>
Prayer types filter: []
Sort by: -created_at, Sort field: -created_at
"GET / HTTP/1.1" 200 21568
"GET /static/css/custom.css HTTP/1.1" 304 0
"GET /about/ HTTP/1.1" 200 12806
"GET /about/ HTTP/1.1" 200 12840
"GET /static/css/custom.css HTTP/1.1" 200 10279
"GET /about/ HTTP/1.1" 200 13358
"GET /static/css/custom.css HTTP/1.1" 200 10362
"GET /prayer-request-types/ HTTP/1.1" 200 14765
"GET /static/css/custom.css HTTP/1.1" 304 0
"GET /create/ HTTP/1.1" 200 10364
"GET /static/css/custom.css HTTP/1.1" 304 0
"GET /about/ HTTP/1.1" 200 13358
"GET /static/css/custom.css HTTP/1.1" 304 0
"GET /report/ HTTP/1.1" 200 26301
"GET /static/css/custom.css HTTP/1.1" 304 0
Request GET parameters: <QueryDict: {}>
Prayer types filter: []
Sort by: -created_at, Sort field: -created_at
"GET / HTTP/1.1" 200 22120
"GET /static/css/custom.css HTTP/1.1" 304 0
"GET /prayer-request-types/ HTTP/1.1" 200 14765
Internal Server Error: /prayer-request-types/
Traceback (most recent call last):
  File "/home/hunter/Dev/Python/community_church/.venv/lib/python3.10/site-packages/django/core/handlers/exception.py", line 55, in inner
    response = get_response(request)
  File "/home/hunter/Dev/Python/community_church/.venv/lib/python3.10/site-packages/django/core/handlers/base.py", line 197, in _get_response
    response = wrapped_callback(request, *callback_args, **callback_kwargs)
  File "/home/hunter/Dev/Python/community_church/community_church/prayer_requests/views.py", line 327, in prayer_request_types
    return render(request, 'prayer_requests/prayer_request_types.html', {'prayer_types': prayer_types})
  File "/home/hunter/Dev/Python/community_church/.venv/lib/python3.10/site-packages/django/shortcuts.py", line 25, in render
    content = loader.render_to_string(template_name, context, request, using=using)
  File "/home/hunter/Dev/Python/community_church/.venv/lib/python3.10/site-packages/django/template/loader.py", line 62, in render_to_string
    return template.render(context, request)
  File "/home/hunter/Dev/Python/community_church/.venv/lib/python3.10/site-packages/django/template/backends/django.py", line 107, in render
    return self.template.render(context)
  File "/home/hunter/Dev/Python/community_church/.venv/lib/python3.10/site-packages/django/template/base.py", line 171, in render
    return self._render(context)
  File "/home/hunter/Dev/Python/community_church/.venv/lib/python3.10/site-packages/django/template/base.py", line 163, in _render
    return self.nodelist.render(context)
  File "/home/hunter/Dev/Python/community_church/.venv/lib/python3.10/site-packages/django/template/base.py", line 1008, in render
    return SafeString("".join([node.render_annotated(context) for node in self]))
  File "/home/hunter/Dev/Python/community_church/.venv/lib/python3.10/site-packages/django/template/base.py", line 1008, in <listcomp>
    return SafeString("".join([node.render_annotated(context) for node in self]))
  File "/home/hunter/Dev/Python/community_church/.venv/lib/python3.10/site-packages/django/template/base.py", line 969, in render_annotated
    return self.render(context)
  File "/home/hunter/Dev/Python/community_church/.venv/lib/python3.10/site-packages/django/template/loader_tags.py", line 159, in render
    return compiled_parent._render(context)
  File "/home/hunter/Dev/Python/community_church/.venv/lib/python3.10/site-packages/django/template/base.py", line 163, in _render
    return self.nodelist.render(context)
  File "/home/hunter/Dev/Python/community_church/.venv/lib/python3.10/site-packages/django/template/base.py", line 1008, in render
    return SafeString("".join([node.render_annotated(context) for node in self]))
  File "/home/hunter/Dev/Python/community_church/.venv/lib/python3.10/site-packages/django/template/base.py", line 1008, in <listcomp>
    return SafeString("".join([node.render_annotated(context) for node in self]))
  File "/home/hunter/Dev/Python/community_church/.venv/lib/python3.10/site-packages/django/template/base.py", line 969, in render_annotated
    return self.render(context)
  File "/home/hunter/Dev/Python/community_church/.venv/lib/python3.10/site-packages/django/template/loader_tags.py", line 65, in render
    result = block.nodelist.render(context)
  File "/home/hunter/Dev/Python/community_church/.venv/lib/python3.10/site-packages/django/template/base.py", line 1008, in render
    return SafeString("".join([node.render_annotated(context) for node in self]))
  File "/home/hunter/Dev/Python/community_church/.venv/lib/python3.10/site-packages/django/template/base.py", line 1008, in <listcomp>
    return SafeString("".join([node.render_annotated(context) for node in self]))
  File "/home/hunter/Dev/Python/community_church/.venv/lib/python3.10/site-packages/django/template/base.py", line 969, in render_annotated
    return self.render(context)
  File "/home/hunter/Dev/Python/community_church/.venv/lib/python3.10/site-packages/django/template/defaulttags.py", line 243, in render
    nodelist.append(node.render_annotated(context))
  File "/home/hunter/Dev/Python/community_church/.venv/lib/python3.10/site-packages/django/template/base.py", line 969, in render_annotated
    return self.render(context)
  File "/home/hunter/Dev/Python/community_church/.venv/lib/python3.10/site-packages/django/template/defaulttags.py", line 480, in render
    url = reverse(view_name, args=args, kwargs=kwargs, current_app=current_app)
  File "/home/hunter/Dev/Python/community_church/.venv/lib/python3.10/site-packages/django/urls/base.py", line 88, in reverse
    return resolver._reverse_with_prefix(view, prefix, *args, **kwargs)
  File "/home/hunter/Dev/Python/community_church/.venv/lib/python3.10/site-packages/django/urls/resolvers.py", line 831, in _reverse_with_prefix
    raise NoReverseMatch(msg)
django.urls.exceptions.NoReverseMatch: Reverse for 'submit_prayer_request' not found. 'submit_prayer_request' is not a valid view function or pattern name.
"GET /prayer-request-types/ HTTP/1.1" 500 253592
"GET /prayer-request-types/ HTTP/1.1" 200 45277
"GET /static/css/custom.css HTTP/1.1" 200 11289
"GET /create/ HTTP/1.1" 200 10364
"GET /static/css/custom.css HTTP/1.1" 304 0
Request GET parameters: <QueryDict: {}>
Prayer types filter: []
Sort by: -created_at, Sort field: -created_at
"GET / HTTP/1.1" 200 22120
"GET /static/css/custom.css HTTP/1.1" 304 0
Request GET parameters: <QueryDict: {}>
Prayer types filter: []
Sort by: -created_at, Sort field: -created_at
"GET / HTTP/1.1" 200 19384
"GET /static/css/custom.css HTTP/1.1" 200 8879
"GET /admin/ HTTP/1.1" 200 10645
"GET /prayer-request-types/ HTTP/1.1" 200 42541
"GET /static/css/custom.css HTTP/1.1" 304 0
"GET /answered/ HTTP/1.1" 200 11052
"GET /static/css/custom.css HTTP/1.1" 304 0
"GET /create/ HTTP/1.1" 200 7628
"GET /create/ HTTP/1.1" 200 13851
"GET /static/css/custom.css HTTP/1.1" 304 0
"POST /create/ HTTP/1.1" 302 0
Request GET parameters: <QueryDict: {}>
Prayer types filter: []
Sort by: -created_at, Sort field: -created_at
"GET / HTTP/1.1" 200 21582
"GET /static/css/custom.css HTTP/1.1" 304 0
"GET /request/19/ HTTP/1.1" 200 8117
"GET /create/ HTTP/1.1" 200 13851
"GET /create/ HTTP/1.1" 200 13901
"GET /static/css/custom.css HTTP/1.1" 304 0
"POST /create/ HTTP/1.1" 302 0
Request GET parameters: <QueryDict: {}>
Prayer types filter: []
Sort by: -created_at, Sort field: -created_at
"GET / HTTP/1.1" 200 23359
"GET /request/20/ HTTP/1.1" 200 8127
"GET /static/css/custom.css HTTP/1.1" 304 0
"GET /prayer-request/20/edit/ HTTP/1.1" 200 8165
"GET /request/20/ HTTP/1.1" 200 8127
Request GET parameters: <QueryDict: {}>
Prayer types filter: []
Sort by: -created_at, Sort field: -created_at
"GET / HTTP/1.1" 200 23360
"GET /report/ HTTP/1.1" 200 25022
Request GET parameters: <QueryDict: {}>
Prayer types filter: []
Sort by: -created_at, Sort field: -created_at
"GET / HTTP/1.1" 200 23360
"GET /static/css/custom.css HTTP/1.1" 304 0
"GET /create/ HTTP/1.1" 200 13901
"GET /static/css/custom.css HTTP/1.1" 304 0
"GET /create/ HTTP/1.1" 200 13921
"GET /static/css/custom.css HTTP/1.1" 304 0
"GET /create/ HTTP/1.1" 200 13921
Request GET parameters: <QueryDict: {}>
Prayer types filter: []
Sort by: -created_at, Sort field: -created_at
"GET / HTTP/1.1" 200 23360
"GET /request/20/ HTTP/1.1" 200 8127
Request GET parameters: <QueryDict: {}>
Prayer types filter: []
Sort by: -created_at, Sort field: -created_at
"GET / HTTP/1.1" 200 23360
Request GET parameters: <QueryDict: {}>
Prayer types filter: []
Sort by: -created_at, Sort field: -created_at
"GET / HTTP/1.1" 200 23360
"GET /static/css/custom.css HTTP/1.1" 200 9093
"GET /create/ HTTP/1.1" 200 13909
"GET /static/css/custom.css HTTP/1.1" 304 0
Request GET parameters: <QueryDict: {}>
Prayer types filter: []
Sort by: -created_at, Sort field: -created_at
"GET / HTTP/1.1" 200 23360
"GET /static/css/custom.css HTTP/1.1" 304 0
Request GET parameters: <QueryDict: {'search': ['made'], 'start_date': [''], 'end_date': [''], 'sort_by': ['recent']}>
Prayer types filter: []
Sort by: recent, Sort field: -created_at
"GET /?search=made&start_date=&end_date=&sort_by=recent HTTP/1.1" 200 15375
"GET /static/css/custom.css HTTP/1.1" 304 0
Request GET parameters: <QueryDict: {'search': ['this'], 'start_date': [''], 'end_date': [''], 'sort_by': ['recent']}>
Prayer types filter: []
Sort by: recent, Sort field: -created_at
"GET /?search=this&start_date=&end_date=&sort_by=recent HTTP/1.1" 200 17598
Request GET parameters: <QueryDict: {'search': [''], 'start_date': [''], 'end_date': [''], 'sort_by': ['most_commented']}>
Prayer types filter: []
Sort by: most_commented, Sort field: -comments_count
"GET /?search=&start_date=&end_date=&sort_by=most_commented HTTP/1.1" 200 23368
"GET /static/css/custom.css HTTP/1.1" 304 0
Request GET parameters: <QueryDict: {}>
Prayer types filter: []
Sort by: -created_at, Sort field: -created_at
"GET / HTTP/1.1" 200 23360
"GET /static/css/custom.css HTTP/1.1" 304 0
"GET /prayer-request-types/ HTTP/1.1" 200 42541
"GET /static/css/custom.css HTTP/1.1" 304 0
"GET /prayer-request-types/ HTTP/1.1" 200 42538
"GET /static/css/custom.css HTTP/1.1" 304 0
"GET /prayer-request-types/ HTTP/1.1" 200 42538
"GET /prayer-request-types/ HTTP/1.1" 200 42538
"GET /static/css/custom.css HTTP/1.1" 304 0
"GET /prayer-request-types/ HTTP/1.1" 200 42562
"GET /static/css/custom.css HTTP/1.1" 304 0
"GET /about/ HTTP/1.1" 200 10622
"GET /static/css/custom.css HTTP/1.1" 304 0
Request GET parameters: <QueryDict: {}>
Prayer types filter: []
Sort by: -created_at, Sort field: -created_at
"GET / HTTP/1.1" 200 23362
"GET /prayer-request-types/ HTTP/1.1" 200 42562
"GET /create/ HTTP/1.1" 200 13909
"GET /answered/ HTTP/1.1" 200 11052
Internal Server Error: /answered/
Traceback (most recent call last):
  File "/home/hunter/Dev/Python/community_church/.venv/lib/python3.10/site-packages/django/template/base.py", line 510, in parse
    compile_func = self.tags[command]
KeyError: 'static'

During handling of the above exception, another exception occurred:

Traceback (most recent call last):
  File "/home/hunter/Dev/Python/community_church/.venv/lib/python3.10/site-packages/django/core/handlers/exception.py", line 55, in inner
    response = get_response(request)
  File "/home/hunter/Dev/Python/community_church/.venv/lib/python3.10/site-packages/django/core/handlers/base.py", line 197, in _get_response
    response = wrapped_callback(request, *callback_args, **callback_kwargs)
  File "/home/hunter/Dev/Python/community_church/.venv/lib/python3.10/site-packages/django/contrib/auth/decorators.py", line 60, in _view_wrapper
    return view_func(request, *args, **kwargs)
  File "/home/hunter/Dev/Python/community_church/community_church/prayer_requests/views.py", line 140, in answered_prayers
    return render(request, 'prayer_requests/answered_prayers.html', context)
  File "/home/hunter/Dev/Python/community_church/.venv/lib/python3.10/site-packages/django/shortcuts.py", line 25, in render
    content = loader.render_to_string(template_name, context, request, using=using)
  File "/home/hunter/Dev/Python/community_church/.venv/lib/python3.10/site-packages/django/template/loader.py", line 61, in render_to_string
    template = get_template(template_name, using=using)
  File "/home/hunter/Dev/Python/community_church/.venv/lib/python3.10/site-packages/django/template/loader.py", line 15, in get_template
    return engine.get_template(template_name)
  File "/home/hunter/Dev/Python/community_church/.venv/lib/python3.10/site-packages/django/template/backends/django.py", line 79, in get_template
    return Template(self.engine.get_template(template_name), self)
  File "/home/hunter/Dev/Python/community_church/.venv/lib/python3.10/site-packages/django/template/engine.py", line 177, in get_template
    template, origin = self.find_template(template_name)
  File "/home/hunter/Dev/Python/community_church/.venv/lib/python3.10/site-packages/django/template/engine.py", line 159, in find_template
    template = loader.get_template(name, skip=skip)
  File "/home/hunter/Dev/Python/community_church/.venv/lib/python3.10/site-packages/django/template/loaders/cached.py", line 57, in get_template
    template = super().get_template(template_name, skip)
  File "/home/hunter/Dev/Python/community_church/.venv/lib/python3.10/site-packages/django/template/loaders/base.py", line 28, in get_template
    return Template(
  File "/home/hunter/Dev/Python/community_church/.venv/lib/python3.10/site-packages/django/template/base.py", line 154, in __init__
    self.nodelist = self.compile_nodelist()
  File "/home/hunter/Dev/Python/community_church/.venv/lib/python3.10/site-packages/django/template/base.py", line 196, in compile_nodelist
    nodelist = parser.parse()
  File "/home/hunter/Dev/Python/community_church/.venv/lib/python3.10/site-packages/django/template/base.py", line 518, in parse
    raise self.error(token, e)
  File "/home/hunter/Dev/Python/community_church/.venv/lib/python3.10/site-packages/django/template/base.py", line 516, in parse
    compiled_result = compile_func(self, token)
  File "/home/hunter/Dev/Python/community_church/.venv/lib/python3.10/site-packages/django/template/loader_tags.py", line 295, in do_extends
    nodelist = parser.parse()
  File "/home/hunter/Dev/Python/community_church/.venv/lib/python3.10/site-packages/django/template/base.py", line 518, in parse
    raise self.error(token, e)
  File "/home/hunter/Dev/Python/community_church/.venv/lib/python3.10/site-packages/django/template/base.py", line 516, in parse
    compiled_result = compile_func(self, token)
  File "/home/hunter/Dev/Python/community_church/.venv/lib/python3.10/site-packages/django/template/loader_tags.py", line 234, in do_block
    nodelist = parser.parse(("endblock",))
  File "/home/hunter/Dev/Python/community_church/.venv/lib/python3.10/site-packages/django/template/base.py", line 518, in parse
    raise self.error(token, e)
  File "/home/hunter/Dev/Python/community_church/.venv/lib/python3.10/site-packages/django/template/base.py", line 516, in parse
    compiled_result = compile_func(self, token)
  File "/home/hunter/Dev/Python/community_church/.venv/lib/python3.10/site-packages/django/template/defaulttags.py", line 976, in do_if
    nodelist = parser.parse(("endif",))
  File "/home/hunter/Dev/Python/community_church/.venv/lib/python3.10/site-packages/django/template/base.py", line 512, in parse
    self.invalid_block_tag(token, command, parse_until)
  File "/home/hunter/Dev/Python/community_church/.venv/lib/python3.10/site-packages/django/template/base.py", line 563, in invalid_block_tag
    raise self.error(
django.template.exceptions.TemplateSyntaxError: Invalid block tag on line 158: 'static', expected 'endif'. Did you forget to register or load this tag?
"GET /answered/ HTTP/1.1" 500 214797
"GET /answered/ HTTP/1.1" 200 16900
"GET /static/css/custom.css HTTP/1.1" 304 0
"GET /answered/?start_date=&end_date=&prayer_type=UNSPOKEN HTTP/1.1" 200 16900
/home/hunter/Dev/Python/community_church/community_church/prayer_requests/views.py changed, reloading.
Watching for file changes with StatReloader
"GET /answered/ HTTP/1.1" 200 16900
"GET /static/css/custom.css HTTP/1.1" 304 0
"GET /answered/?start_date=&end_date=&prayer_type=UNSPOKEN HTTP/1.1" 200 11910
"GET /answered/?start_date=&end_date=&prayer_type= HTTP/1.1" 200 16900
"GET /request/16/ HTTP/1.1" 200 8136
"GET /admin/ HTTP/1.1" 200 10876
"GET /static/admin/img/icon-yes.svg HTTP/1.1" 200 436
"GET /admin/auth/user/ HTTP/1.1" 200 13194
"GET /static/admin/css/changelists.css HTTP/1.1" 200 6878
"GET /static/admin/js/jquery.init.js HTTP/1.1" 200 347
"GET /static/admin/js/core.js HTTP/1.1" 200 6208
"GET /static/admin/js/admin/RelatedObjectLookups.js HTTP/1.1" 200 9097
"GET /static/admin/js/vendor/jquery/jquery.js HTTP/1.1" 200 285314
"GET /static/admin/js/actions.js HTTP/1.1" 200 8076
"GET /static/admin/js/prepopulate.js HTTP/1.1" 200 1531
"GET /admin/jsi18n/ HTTP/1.1" 200 3342
"GET /static/admin/js/urlify.js HTTP/1.1" 200 7887
"GET /static/admin/js/vendor/xregexp/xregexp.js HTTP/1.1" 200 325171
"GET /static/admin/img/search.svg HTTP/1.1" 200 458
"GET /static/admin/img/icon-no.svg HTTP/1.1" 200 560
"GET /static/admin/js/filters.js HTTP/1.1" 200 978
"GET /static/admin/img/tooltag-add.svg HTTP/1.1" 200 331
"GET /static/admin/img/icon-viewlink.svg HTTP/1.1" 200 581
"GET /static/admin/img/sorting-icons.svg HTTP/1.1" 200 1097
"GET /admin/auth/user/1/change/ HTTP/1.1" 200 23033
"GET /static/admin/css/forms.css HTTP/1.1" 200 8710
"GET /static/admin/js/SelectBox.js HTTP/1.1" 200 4530
"GET /static/admin/js/SelectFilter2.js HTTP/1.1" 200 15502
"GET /static/admin/js/admin/DateTimeShortcuts.js HTTP/1.1" 200 19319
"GET /static/admin/js/calendar.js HTTP/1.1" 200 9141
"GET /admin/jsi18n/ HTTP/1.1" 200 3342
"GET /static/admin/js/prepopulate_init.js HTTP/1.1" 200 586
"GET /static/admin/js/change_form.js HTTP/1.1" 200 606
"GET /static/admin/css/widgets.css HTTP/1.1" 200 11564
"GET /static/admin/img/icon-unknown.svg HTTP/1.1" 200 655
"GET /static/admin/img/icon-unknown-alt.svg HTTP/1.1" 200 655
"GET /static/admin/img/icon-clock.svg HTTP/1.1" 200 677
"GET /static/admin/img/icon-calendar.svg HTTP/1.1" 200 1086
"GET /static/admin/img/selector-icons.svg HTTP/1.1" 200 3291
"POST /admin/auth/user/1/change/ HTTP/1.1" 302 0
"GET /admin/auth/user/ HTTP/1.1" 200 13387
"GET /admin/jsi18n/ HTTP/1.1" 200 3342
"GET /answered/ HTTP/1.1" 200 16900
"GET /request/16/ HTTP/1.1" 200 8136
"GET /static/css/custom.css HTTP/1.1" 304 0
Request GET parameters: <QueryDict: {}>
Prayer types filter: []
Sort by: -created_at, Sort field: -created_at
"GET / HTTP/1.1" 200 23362
"GET /prayer-request-types/ HTTP/1.1" 200 42562
